mode: set
github.com/brain-flowing-company/pprp-backend/internal/core/ratings/ratings.handler.go:23.42,27.2 1 0
github.com/brain-flowing-company/pprp-backend/internal/core/ratings/ratings.handler.go:102.57,104.58 2 0
github.com/brain-flowing-company/pprp-backend/internal/core/ratings/ratings.handler.go:104.58,106.3 1 0
github.com/brain-flowing-company/pprp-backend/internal/core/ratings/ratings.handler.go:107.2,107.24 1 0
github.com/brain-flowing-company/pprp-backend/internal/core/ratings/ratings.repository.go:26.44,30.2 1 0
github.com/brain-flowing-company/pprp-backend/internal/core/ratings/ratings.repository.go:32.70,33.50 1 0
github.com/brain-flowing-company/pprp-backend/internal/core/ratings/ratings.repository.go:33.50,35.119 2 0
github.com/brain-flowing-company/pprp-backend/internal/core/ratings/ratings.repository.go:35.119,37.4 1 0
github.com/brain-flowing-company/pprp-backend/internal/core/ratings/ratings.repository.go:38.3,38.21 1 0
github.com/brain-flowing-company/pprp-backend/internal/core/ratings/ratings.repository.go:38.21,42.4 1 0
github.com/brain-flowing-company/pprp-backend/internal/core/ratings/ratings.repository.go:43.3,44.129 2 0
github.com/brain-flowing-company/pprp-backend/internal/core/ratings/ratings.repository.go:44.129,46.4 1 0
github.com/brain-flowing-company/pprp-backend/internal/core/ratings/ratings.repository.go:47.3,47.25 1 0
github.com/brain-flowing-company/pprp-backend/internal/core/ratings/ratings.repository.go:47.25,51.4 1 0
github.com/brain-flowing-company/pprp-backend/internal/core/ratings/ratings.repository.go:52.3,53.145 2 0
github.com/brain-flowing-company/pprp-backend/internal/core/ratings/ratings.repository.go:53.145,55.4 1 0
github.com/brain-flowing-company/pprp-backend/internal/core/ratings/ratings.repository.go:56.3,56.13 1 0
github.com/brain-flowing-company/pprp-backend/internal/core/ratings/ratings.repository.go:60.110,63.122 3 0
github.com/brain-flowing-company/pprp-backend/internal/core/ratings/ratings.repository.go:63.122,65.3 1 0
github.com/brain-flowing-company/pprp-backend/internal/core/ratings/ratings.repository.go:66.2,66.24 1 0
github.com/brain-flowing-company/pprp-backend/internal/core/ratings/ratings.repository.go:66.24,70.3 1 0
github.com/brain-flowing-company/pprp-backend/internal/core/ratings/ratings.repository.go:71.2,76.16 2 0
github.com/brain-flowing-company/pprp-backend/internal/core/ratings/ratings.repository.go:76.16,78.3 1 0
github.com/brain-flowing-company/pprp-backend/internal/core/ratings/ratings.repository.go:79.2,79.12 1 0
github.com/brain-flowing-company/pprp-backend/internal/core/ratings/ratings.repository.go:83.80,88.16 2 0
github.com/brain-flowing-company/pprp-backend/internal/core/ratings/ratings.repository.go:88.16,90.3 1 0
github.com/brain-flowing-company/pprp-backend/internal/core/ratings/ratings.repository.go:91.2,91.12 1 0
github.com/brain-flowing-company/pprp-backend/internal/core/ratings/ratings.repository.go:94.124,97.122 3 0
github.com/brain-flowing-company/pprp-backend/internal/core/ratings/ratings.repository.go:97.122,99.3 1 0
github.com/brain-flowing-company/pprp-backend/internal/core/ratings/ratings.repository.go:100.2,100.24 1 0
github.com/brain-flowing-company/pprp-backend/internal/core/ratings/ratings.repository.go:100.24,104.3 1 0
github.com/brain-flowing-company/pprp-backend/internal/core/ratings/ratings.repository.go:105.2,111.16 2 0
github.com/brain-flowing-company/pprp-backend/internal/core/ratings/ratings.repository.go:111.16,113.3 1 0
github.com/brain-flowing-company/pprp-backend/internal/core/ratings/ratings.repository.go:114.2,114.12 1 0
github.com/brain-flowing-company/pprp-backend/internal/core/ratings/ratings.repository.go:117.124,120.122 3 0
github.com/brain-flowing-company/pprp-backend/internal/core/ratings/ratings.repository.go:120.122,122.3 1 0
github.com/brain-flowing-company/pprp-backend/internal/core/ratings/ratings.repository.go:123.2,123.24 1 0
github.com/brain-flowing-company/pprp-backend/internal/core/ratings/ratings.repository.go:123.24,127.3 1 0
github.com/brain-flowing-company/pprp-backend/internal/core/ratings/ratings.repository.go:128.2,134.16 2 0
github.com/brain-flowing-company/pprp-backend/internal/core/ratings/ratings.repository.go:134.16,136.3 1 0
github.com/brain-flowing-company/pprp-backend/internal/core/ratings/ratings.repository.go:137.2,137.12 1 0
github.com/brain-flowing-company/pprp-backend/internal/core/ratings/ratings.repository.go:140.112,141.112 1 0
github.com/brain-flowing-company/pprp-backend/internal/core/ratings/ratings.repository.go:141.112,143.3 1 0
github.com/brain-flowing-company/pprp-backend/internal/core/ratings/ratings.repository.go:144.2,144.99 1 0
github.com/brain-flowing-company/pprp-backend/internal/core/ratings/ratings.repository.go:147.62,148.112 1 0
github.com/brain-flowing-company/pprp-backend/internal/core/ratings/ratings.repository.go:148.112,150.3 1 0
github.com/brain-flowing-company/pprp-backend/internal/core/ratings/ratings.repository.go:152.2,152.78 1 0
github.com/brain-flowing-company/pprp-backend/internal/core/ratings/ratings.service.go:25.82,31.2 1 0
github.com/brain-flowing-company/pprp-backend/internal/core/ratings/ratings.service.go:51.77,53.16 2 0
github.com/brain-flowing-company/pprp-backend/internal/core/ratings/ratings.service.go:53.16,56.3 2 0
github.com/brain-flowing-company/pprp-backend/internal/core/ratings/ratings.service.go:57.2,57.12 1 0
